{"/Users/mike/Coding/react-colourdle/app/components/ColourSwatch/ColourSwatch.tsx": {"path":"/Users/mike/Coding/react-colourdle/app/components/ColourSwatch/ColourSwatch.tsx","statementMap":{"0":{"start":{"line":14,"column":50},"end":{"line":25,"column":1}},"1":{"start":{"line":15,"column":31},"end":{"line":15,"column":36}},"2":{"start":{"line":17,"column":2},"end":{"line":24,"column":4}},"3":{"start":{"line":27,"column":0},"end":{"line":27,"column":28}}},"fnMap":{"0":{"name":"(anonymous_0)","decl":{"start":{"line":14,"column":50},"end":{"line":14,"column":51}},"loc":{"start":{"line":14,"column":86},"end":{"line":25,"column":1}}}},"branchMap":{},"s":{"0":2,"1":8,"2":8,"3":2},"f":{"0":8},"b":{}}
,"/Users/mike/Coding/react-colourdle/app/components/SwatchesGroup/SwatchesGroup.tsx": {"path":"/Users/mike/Coding/react-colourdle/app/components/SwatchesGroup/SwatchesGroup.tsx","statementMap":{"0":{"start":{"line":1,"column":0},"end":{"line":1,"column":56}},"1":{"start":{"line":3,"column":22},"end":{"line":20,"column":1}},"2":{"start":{"line":4,"column":2},"end":{"line":19,"column":4}},"3":{"start":{"line":22,"column":0},"end":{"line":22,"column":29}}},"fnMap":{"0":{"name":"(anonymous_1)","decl":{"start":{"line":3,"column":22},"end":{"line":3,"column":25}},"loc":{"start":{"line":3,"column":27},"end":{"line":20,"column":1}}}},"branchMap":{},"s":{"0":1,"1":1,"2":3,"3":1},"f":{"0":3},"b":{}}
,"/Users/mike/Coding/react-colourdle/app/components/Title/Title.tsx": {"path":"/Users/mike/Coding/react-colourdle/app/components/Title/Title.tsx","statementMap":{"0":{"start":{"line":1,"column":14},"end":{"line":24,"column":1}},"1":{"start":{"line":2,"column":18},"end":{"line":13,"column":4}},"2":{"start":{"line":15,"column":2},"end":{"line":23,"column":4}},"3":{"start":{"line":18,"column":8},"end":{"line":18,"column":26}},"4":{"start":{"line":26,"column":0},"end":{"line":26,"column":21}}},"fnMap":{"0":{"name":"(anonymous_0)","decl":{"start":{"line":1,"column":14},"end":{"line":1,"column":17}},"loc":{"start":{"line":1,"column":19},"end":{"line":24,"column":1}}},"1":{"name":"(anonymous_1)","decl":{"start":{"line":17,"column":34},"end":{"line":17,"column":35}},"loc":{"start":{"line":18,"column":8},"end":{"line":18,"column":26}}}},"branchMap":{},"s":{"0":1,"1":2,"2":2,"3":20,"4":1},"f":{"0":2,"1":20},"b":{}}
}
