TN:
SF:app/components/ColourSwatch/ColourSwatch.tsx
FN:14,(anonymous_0)
FNF:1
FNH:1
FNDA:8,(anonymous_0)
DA:14,2
DA:15,8
DA:17,8
DA:27,2
LF:4
LH:4
BRF:0
BRH:0
end_of_record
TN:
SF:app/components/SwatchesGroup/SwatchesGroup.tsx
FN:3,(anonymous_1)
FNF:1
FNH:1
FNDA:3,(anonymous_1)
DA:1,1
DA:3,1
DA:4,3
DA:22,1
LF:4
LH:4
BRF:0
BRH:0
end_of_record
TN:
SF:app/components/Title/Title.tsx
FN:1,(anonymous_0)
FN:17,(anonymous_1)
FNF:2
FNH:2
FNDA:2,(anonymous_0)
FNDA:20,(anonymous_1)
DA:1,1
DA:2,2
DA:15,2
DA:18,20
DA:26,1
LF:5
LH:5
BRF:0
BRH:0
end_of_record
